# JRE version: Java(TM) SE Runtime Environment (8.0_121-b13) (build 1.8.0_121-b13)
# Java VM: Java HotSpot(TM) 64-Bit Server VM (25.121-b13 mixed mode windows-amd64 compressed oops)
Heap:
 PSYoungGen      total 140800K, used 107758K [0x00000000eab00000, 0x00000000f8c00000, 0x0000000100000000)
  eden space 81408K, 100% used [0x00000000eab00000,0x00000000efa80000,0x00000000efa80000)
  from space 59392K, 44% used [0x00000000efa80000,0x00000000f143ba08,0x00000000f3480000)
  to   space 62976K, 0% used [0x00000000f4e80000,0x00000000f4e80000,0x00000000f8c00000)
 ParOldGen       total 156672K, used 156433K [0x00000000c0000000, 0x00000000c9900000, 0x00000000eab00000)
  object space 156672K, 99% used [0x00000000c0000000,0x00000000c98c47c8,0x00000000c9900000)
 Metaspace       used 6622K, capacity 7288K, committed 7424K, reserved 1056768K
  class space    used 642K, capacity 688K, committed 768K, reserved 1048576K
GC Heap History (10 events):
Event: 12.414 GC heap before
{Heap before GC invocations=10 (full 1):
 PSYoungGen      total 98304K, used 98287K [0x00000000eab00000, 0x00000000f5200000, 0x0000000100000000)
  eden space 76800K, 100% used [0x00000000eab00000,0x00000000ef600000,0x00000000ef600000)
  from space 21504K, 99% used [0x00000000f3d00000,0x00000000f51fbfb8,0x00000000f5200000)
  to   space 30208K, 0% used [0x00000000f1700000,0x00000000f1700000,0x00000000f3480000)
 ParOldGen       total 83968K, used 51096K [0x00000000c0000000, 0x00000000c5200000, 0x00000000eab00000)
  object space 83968K, 60% used [0x00000000c0000000,0x00000000c31e62a0,0x00000000c5200000)
 Metaspace       used 6607K, capacity 7224K, committed 7424K, reserved 1056768K
  class space    used 642K, capacity 688K, committed 768K, reserved 1048576K
Event: 12.478 GC heap after
Heap after GC invocations=10 (full 1):
 PSYoungGen      total 118784K, used 30179K [0x00000000eab00000, 0x00000000f5a80000, 0x0000000100000000)
  eden space 88576K, 0% used [0x00000000eab00000,0x00000000eab00000,0x00000000f0180000)
  from space 30208K, 99% used [0x00000000f1700000,0x00000000f3478de8,0x00000000f3480000)
  to   space 38912K, 0% used [0x00000000f3480000,0x00000000f3480000,0x00000000f5a80000)
 ParOldGen       total 83968K, used 75140K [0x00000000c0000000, 0x00000000c5200000, 0x00000000eab00000)
  object space 83968K, 89% used [0x00000000c0000000,0x00000000c4961300,0x00000000c5200000)
 Metaspace       used 6607K, capacity 7224K, committed 7424K, reserved 1056768K
  class space    used 642K, capacity 688K, committed 768K, reserved 1048576K
}
Event: 12.478 GC heap before
{Heap before GC invocations=11 (full 2):
 PSYoungGen      total 118784K, used 30179K [0x00000000eab00000, 0x00000000f5a80000, 0x0000000100000000)
  eden space 88576K, 0% used [0x00000000eab00000,0x00000000eab00000,0x00000000f0180000)
  from space 30208K, 99% used [0x00000000f1700000,0x00000000f3478de8,0x00000000f3480000)
  to   space 38912K, 0% used [0x00000000f3480000,0x00000000f3480000,0x00000000f5a80000)
 ParOldGen       total 83968K, used 75140K [0x00000000c0000000, 0x00000000c5200000, 0x00000000eab00000)
  object space 83968K, 89% used [0x00000000c0000000,0x00000000c4961300,0x00000000c5200000)
 Metaspace       used 6607K, capacity 7224K, committed 7424K, reserved 1056768K
  class space    used 642K, capacity 688K, committed 768K, reserved 1048576K
Event: 12.922 GC heap after
Heap after GC invocations=11 (full 2):
 PSYoungGen      total 118784K, used 12637K [0x00000000eab00000, 0x00000000f5a80000, 0x0000000100000000)
  eden space 88576K, 0% used [0x00000000eab00000,0x00000000eab00000,0x00000000f0180000)
  from space 30208K, 41% used [0x00000000f1700000,0x00000000f2357400,0x00000000f3480000)
  to   space 38912K, 0% used [0x00000000f3480000,0x00000000f3480000,0x00000000f5a80000)
 ParOldGen       total 156672K, used 83936K [0x00000000c0000000, 0x00000000c9900000, 0x00000000eab00000)
  object space 156672K, 53% used [0x00000000c0000000,0x00000000c51f8290,0x00000000c9900000)
 Metaspace       used 6607K, capacity 7224K, committed 7424K, reserved 1056768K
  class space    used 642K, capacity 688K, committed 768K, reserved 1048576K
}
Event: 13.034 GC heap before
{Heap before GC invocations=12 (full 2):
 PSYoungGen      total 118784K, used 101213K [0x00000000eab00000, 0x00000000f5a80000, 0x0000000100000000)
  eden space 88576K, 100% used [0x00000000eab00000,0x00000000f0180000,0x00000000f0180000)
  from space 30208K, 41% used [0x00000000f1700000,0x00000000f2357400,0x00000000f3480000)
  to   space 38912K, 0% used [0x00000000f3480000,0x00000000f3480000,0x00000000f5a80000)
 ParOldGen       total 156672K, used 83936K [0x00000000c0000000, 0x00000000c9900000, 0x00000000eab00000)
  object space 156672K, 53% used [0x00000000c0000000,0x00000000c51f8290,0x00000000c9900000)
 Metaspace       used 6613K, capacity 7224K, committed 7424K, reserved 1056768K
  class space    used 642K, capacity 688K, committed 768K, reserved 1048576K
Event: 13.097 GC heap after
Heap after GC invocations=12 (full 2):
 PSYoungGen      total 120320K, used 38909K [0x00000000eab00000, 0x00000000f8480000, 0x0000000100000000)
  eden space 81408K, 0% used [0x00000000eab00000,0x00000000eab00000,0x00000000efa80000)
  from space 38912K, 99% used [0x00000000f3480000,0x00000000f5a7f450,0x00000000f5a80000)
  to   space 59392K, 0% used [0x00000000efa80000,0x00000000efa80000,0x00000000f3480000)
 ParOldGen       total 156672K, used 106604K [0x00000000c0000000, 0x00000000c9900000, 0x00000000eab00000)
  object space 156672K, 68% used [0x00000000c0000000,0x00000000c681b3a8,0x00000000c9900000)
 Metaspace       used 6613K, capacity 7224K, committed 7424K, reserved 1056768K
  class space    used 642K, capacity 688K, committed 768K, reserved 1048576K
}
Event: 13.210 GC heap before
{Heap before GC invocations=13 (full 2):
 PSYoungGen      total 120320K, used 120317K [0x00000000eab00000, 0x00000000f8480000, 0x0000000100000000)
  eden space 81408K, 100% used [0x00000000eab00000,0x00000000efa80000,0x00000000efa80000)
  from space 38912K, 99% used [0x00000000f3480000,0x00000000f5a7f450,0x00000000f5a80000)
  to   space 59392K, 0% used [0x00000000efa80000,0x00000000efa80000,0x00000000f3480000)
 ParOldGen       total 156672K, used 106604K [0x00000000c0000000, 0x00000000c9900000, 0x00000000eab00000)
  object space 156672K, 68% used [0x00000000c0000000,0x00000000c681b3a8,0x00000000c9900000)
 Metaspace       used 6614K, capacity 7224K, committed 7424K, reserved 1056768K
  class space    used 642K, capacity 688K, committed 768K, reserved 1048576K
Event: 13.303 GC heap after
Heap after GC invocations=13 (full 2):
 PSYoungGen      total 140800K, used 40879K [0x00000000eab00000, 0x00000000f8c00000, 0x0000000100000000)
  eden space 81408K, 0% used [0x00000000eab00000,0x00000000eab00000,0x00000000efa80000)
  from space 59392K, 68% used [0x00000000efa80000,0x00000000f226bcc8,0x00000000f3480000)
  to   space 62976K, 0% used [0x00000000f4e80000,0x00000000f4e80000,0x00000000f8c00000)
 ParOldGen       total 156672K, used 147160K [0x00000000c0000000, 0x00000000c9900000, 0x00000000eab00000)
  object space 156672K, 93% used [0x00000000c0000000,0x00000000c8fb6110,0x00000000c9900000)
 Metaspace       used 6614K, capacity 7224K, committed 7424K, reserved 1056768K
  class space    used 642K, capacity 688K, committed 768K, reserved 1048576K
}
Event: 13.304 GC heap before
{Heap before GC invocations=14 (full 3):
 PSYoungGen      total 140800K, used 40879K [0x00000000eab00000, 0x00000000f8c00000, 0x0000000100000000)
  eden space 81408K, 0% used [0x00000000eab00000,0x00000000eab00000,0x00000000efa80000)
  from space 59392K, 68% used [0x00000000efa80000,0x00000000f226bcc8,0x00000000f3480000)
  to   space 62976K, 0% used [0x00000000f4e80000,0x00000000f4e80000,0x00000000f8c00000)
 ParOldGen       total 156672K, used 147160K [0x00000000c0000000, 0x00000000c9900000, 0x00000000eab00000)
  object space 156672K, 93% used [0x00000000c0000000,0x00000000c8fb6110,0x00000000c9900000)
 Metaspace       used 6614K, capacity 7224K, committed 7424K, reserved 1056768K
  class space    used 642K, capacity 688K, committed 768K, reserved 1048576K
Event: 14.717 GC heap after
Heap after GC invocations=14 (full 3):
 PSYoungGen      total 140800K, used 26350K [0x00000000eab00000, 0x00000000f8c00000, 0x0000000100000000)
  eden space 81408K, 0% used [0x00000000eab00000,0x00000000eab00000,0x00000000efa80000)
  from space 59392K, 44% used [0x00000000efa80000,0x00000000f143ba08,0x00000000f3480000)
  to   space 62976K, 0% used [0x00000000f4e80000,0x00000000f4e80000,0x00000000f8c00000)
 ParOldGen       total 156672K, used 156433K [0x00000000c0000000, 0x00000000c9900000, 0x00000000eab00000)
  object space 156672K, 99% used [0x00000000c0000000,0x00000000c98c47c8,0x00000000c9900000)
 Metaspace       used 6614K, capacity 7224K, committed 7424K, reserved 1056768K
  class space    used 642K, capacity 688K, committed 768K, reserved 1048576K
}

